f:\docs\undergrad\computer graphics\2013-2014\raacomputergraphicsassignment1\raacamera\debug\raacamera.pch
f:\docs\undergrad\computer graphics\2013-2014\raacomputergraphicsassignment1\raacamera\debug\stdafx.obj
f:\docs\undergrad\computer graphics\2013-2014\raacomputergraphicsassignment1\raacamera\debug\vc100.pdb
f:\docs\undergrad\computer graphics\2013-2014\raacomputergraphicsassignment1\raacamera\debug\raacamera.obj
f:\docs\undergrad\computer graphics\2013-2014\raacomputergraphicsassignment1-template\raacamera\debug\raacamera.pch
f:\docs\undergrad\computer graphics\2013-2014\raacomputergraphicsassignment1-template\raacamera\debug\stdafx.obj
f:\docs\undergrad\computer graphics\2013-2014\raacomputergraphicsassignment1-template\raacamera\debug\vc100.pdb
f:\docs\undergrad\computer graphics\2013-2014\raacomputergraphicsassignment1-template\raacamera\debug\raacamera.obj
f:\docs\undergrad\computer graphics\2013-2014\raacomputergraphicsassignment1\debug\raacamera.lib
f:\docs\undergrad\computer graphics\2013-2014\raacomputergraphicsassignment1-template\debug\raacamera.lib
c:\users\iss536\documents\teaching\2016-2017\computer graphics\assignment\assignment 1\assignment 1 pack\computergraphics - 2016 - assignment1-template\raacamera\debug\raacamera.pch
c:\users\iss536\documents\teaching\2016-2017\computer graphics\assignment\assignment 1\assignment 1 pack\computergraphics - 2016 - assignment1-template\raacamera\debug\raacamera.pdb
c:\users\iss536\documents\teaching\2016-2017\computer graphics\assignment\assignment 1\assignment 1 pack\computergraphics - 2016 - assignment1-template\raacamera\debug\raacamera.idb
c:\users\iss536\documents\teaching\2016-2017\computer graphics\assignment\assignment 1\assignment 1 pack\computergraphics - 2016 - assignment1-template\raacamera\debug\stdafx.obj
c:\users\iss536\documents\teaching\2016-2017\computer graphics\assignment\assignment 1\assignment 1 pack\computergraphics - 2016 - assignment1-template\raacamera\debug\raacamera.obj
c:\users\iss536\documents\teaching\2016-2017\computer graphics\assignment\assignment 1\assignment 1 pack\computergraphics - 2016 - assignment1-template\debug\raacamera.lib
c:\users\iss536\documents\teaching\2016-2017\computer graphics\assignment\assignment 1\assignment 1 pack\computergraphics - 2016 - assignment1-template\raacamera\debug\cl.command.1.tlog
c:\users\iss536\documents\teaching\2016-2017\computer graphics\assignment\assignment 1\assignment 1 pack\computergraphics - 2016 - assignment1-template\raacamera\debug\cl.read.1.tlog
c:\users\iss536\documents\teaching\2016-2017\computer graphics\assignment\assignment 1\assignment 1 pack\computergraphics - 2016 - assignment1-template\raacamera\debug\cl.write.1.tlog
c:\users\iss536\documents\teaching\2016-2017\computer graphics\assignment\assignment 1\assignment 1 pack\computergraphics - 2016 - assignment1-template\raacamera\debug\lib-link.read.1.tlog
c:\users\iss536\documents\teaching\2016-2017\computer graphics\assignment\assignment 1\assignment 1 pack\computergraphics - 2016 - assignment1-template\raacamera\debug\lib-link.write.1.tlog
c:\users\iss536\documents\teaching\2016-2017\computer graphics\assignment\assignment 1\assignment 1 pack\computergraphics - 2016 - assignment1-template\raacamera\debug\lib.command.1.tlog
c:\users\iss536\documents\teaching\2016-2017\computer graphics\assignment\assignment 1\assignment 1 pack\computergraphics - 2016 - assignment1-template\raacamera\debug\vc100.idb
c:\users\iss536\documents\teaching\2016-2017\computer graphics\assignment\assignment 1\assignment 1 pack\computergraphics - 2016 - assignment1-template\raacamera\debug\vc100.pdb
c:\users\iss536\documents\teaching\2016-2017\computer graphics\assignment\assignment 1\assignment 1 pack\computergraphics - 2016 - assignment1-template\debug\raacamera.pdb
c:\users\iss536\documents\teaching\2016-2017\computer graphics\assignment\assignment 1\assignment 1 pack\computergraphics - 2016 - assignment1-template\raacamera\debug\raacamera.tlog\cl.command.1.tlog
c:\users\iss536\documents\teaching\2016-2017\computer graphics\assignment\assignment 1\assignment 1 pack\computergraphics - 2016 - assignment1-template\raacamera\debug\raacamera.tlog\cl.read.1.tlog
c:\users\iss536\documents\teaching\2016-2017\computer graphics\assignment\assignment 1\assignment 1 pack\computergraphics - 2016 - assignment1-template\raacamera\debug\raacamera.tlog\cl.write.1.tlog
c:\users\iss536\documents\teaching\2016-2017\computer graphics\assignment\assignment 1\assignment 1 pack\computergraphics - 2016 - assignment1-template\raacamera\debug\raacamera.tlog\lib-link.read.1.tlog
c:\users\iss536\documents\teaching\2016-2017\computer graphics\assignment\assignment 1\assignment 1 pack\computergraphics - 2016 - assignment1-template\raacamera\debug\raacamera.tlog\lib-link.write.1.tlog
c:\users\iss536\documents\teaching\2016-2017\computer graphics\assignment\assignment 1\assignment 1 pack\computergraphics - 2016 - assignment1-template\raacamera\debug\raacamera.tlog\lib.command.1.tlog
