c:\users\iss536\documents\teaching\2017-2018\computergraphics\assignment\assignment1\solution\raapajparser\x64\debug\raapajparserd.pch
c:\users\iss536\documents\teaching\2017-2018\computergraphics\assignment\assignment1\solution\raapajparser\x64\debug\raapajparser.pdb
c:\users\iss536\documents\teaching\2017-2018\computergraphics\assignment\assignment1\solution\raapajparser\x64\debug\raapajparser.idb
c:\users\iss536\documents\teaching\2017-2018\computergraphics\assignment\assignment1\solution\raapajparser\x64\debug\stdafx.obj
c:\users\iss536\documents\teaching\2017-2018\computergraphics\assignment\assignment1\solution\raapajparser\x64\debug\raapajparser.obj
c:\users\iss536\documents\teaching\2017-2018\computergraphics\assignment\assignment1\template\raapajparser\x64\debug\raapajparserd.pch
c:\users\iss536\documents\teaching\2017-2018\computergraphics\assignment\assignment1\template\raapajparser\x64\debug\raapajparser.pdb
c:\users\iss536\documents\teaching\2017-2018\computergraphics\assignment\assignment1\template\raapajparser\x64\debug\raapajparser.idb
c:\users\iss536\documents\teaching\2017-2018\computergraphics\assignment\assignment1\template\raapajparser\x64\debug\stdafx.obj
c:\users\iss536\documents\teaching\2017-2018\computergraphics\assignment\assignment1\template\raapajparser\x64\debug\raapajparser.obj
c:\users\iss536\documents\teaching\2017-2018\computergraphics\assignment\assignment1\solution\x64\debug\raapajparserd.lib
c:\users\iss536\documents\teaching\2017-2018\computergraphics\assignment\assignment1\template\x64\debug\raapajparserd.lib
c:\users\stb098\documents\visual studio 2015\projects\template\raapajparser\x64\debug\raapajparser.obj
c:\users\stb098\documents\visual studio 2015\projects\template\raapajparser\x64\debug\stdafx.obj
c:\users\stb098\documents\visual studio 2015\projects\template\raapajparser\x64\debug\raapajparserd.pch
c:\users\stb098\documents\visual studio 2015\projects\template\raapajparser\x64\debug\raapajparser.idb
c:\users\stb098\documents\visual studio 2015\projects\template\raapajparser\x64\debug\raapajparser.pdb
c:\users\stb098\documents\visual studio 2015\projects\template\x64\debug\raapajparserd.lib
c:\users\stb098\documents\visual studio 2015\projects\template\raapajparser\x64\debug\raapajparser.tlog\cl.command.1.tlog
c:\users\stb098\documents\visual studio 2015\projects\template\raapajparser\x64\debug\raapajparser.tlog\cl.read.1.tlog
c:\users\stb098\documents\visual studio 2015\projects\template\raapajparser\x64\debug\raapajparser.tlog\cl.write.1.tlog
c:\users\stb098\documents\visual studio 2015\projects\template\raapajparser\x64\debug\raapajparser.tlog\lib-link.read.1.tlog
c:\users\stb098\documents\visual studio 2015\projects\template\raapajparser\x64\debug\raapajparser.tlog\lib-link.write.1.tlog
c:\users\stb098\documents\visual studio 2015\projects\template\raapajparser\x64\debug\raapajparser.tlog\lib.command.1.tlog
