c:\users\iss536\documents\teaching\2017-2018\computergraphics\assignment\assignment1\solution\raautilities\x64\debug\raautilitiesd.pch
c:\users\iss536\documents\teaching\2017-2018\computergraphics\assignment\assignment1\solution\raautilities\x64\debug\raautilities.pdb
c:\users\iss536\documents\teaching\2017-2018\computergraphics\assignment\assignment1\solution\raautilities\x64\debug\raautilities.idb
c:\users\iss536\documents\teaching\2017-2018\computergraphics\assignment\assignment1\solution\raautilities\x64\debug\stdafx.obj
c:\users\iss536\documents\teaching\2017-2018\computergraphics\assignment\assignment1\solution\raautilities\x64\debug\raautilities.obj
c:\users\iss536\documents\teaching\2017-2018\computergraphics\assignment\assignment1\template\raautilities\x64\debug\raautilitiesd.pch
c:\users\iss536\documents\teaching\2017-2018\computergraphics\assignment\assignment1\template\raautilities\x64\debug\raautilities.pdb
c:\users\iss536\documents\teaching\2017-2018\computergraphics\assignment\assignment1\template\raautilities\x64\debug\raautilities.idb
c:\users\iss536\documents\teaching\2017-2018\computergraphics\assignment\assignment1\template\raautilities\x64\debug\stdafx.obj
c:\users\iss536\documents\teaching\2017-2018\computergraphics\assignment\assignment1\template\raautilities\x64\debug\raautilities.obj
c:\users\iss536\documents\teaching\2017-2018\computergraphics\assignment\assignment1\solution\x64\debug\raautilitiesd.lib
c:\users\iss536\documents\teaching\2017-2018\computergraphics\assignment\assignment1\template\x64\debug\raautilitiesd.lib
c:\users\stb098\documents\visual studio 2015\projects\template\raautilities\x64\debug\raautilities.obj
c:\users\stb098\documents\visual studio 2015\projects\template\raautilities\x64\debug\stdafx.obj
c:\users\stb098\documents\visual studio 2015\projects\template\raautilities\x64\debug\raautilitiesd.pch
c:\users\stb098\documents\visual studio 2015\projects\template\raautilities\x64\debug\raautilities.idb
c:\users\stb098\documents\visual studio 2015\projects\template\raautilities\x64\debug\raautilities.pdb
c:\users\stb098\documents\visual studio 2015\projects\template\x64\debug\raautilitiesd.lib
c:\users\stb098\documents\visual studio 2015\projects\template\raautilities\x64\debug\raautilities.tlog\cl.command.1.tlog
c:\users\stb098\documents\visual studio 2015\projects\template\raautilities\x64\debug\raautilities.tlog\cl.read.1.tlog
c:\users\stb098\documents\visual studio 2015\projects\template\raautilities\x64\debug\raautilities.tlog\cl.write.1.tlog
c:\users\stb098\documents\visual studio 2015\projects\template\raautilities\x64\debug\raautilities.tlog\lib-link.read.1.tlog
c:\users\stb098\documents\visual studio 2015\projects\template\raautilities\x64\debug\raautilities.tlog\lib-link.write.1.tlog
c:\users\stb098\documents\visual studio 2015\projects\template\raautilities\x64\debug\raautilities.tlog\lib.command.1.tlog
