c:\users\iss536\documents\teaching\2017-2018\computergraphics\assignment\assignment1\solution\raacomputergraphicsassignment1\debug\vc140.pdb
c:\users\iss536\documents\teaching\2017-2018\computergraphics\assignment\assignment1\solution\raacomputergraphicsassignment1\debug\vc140.idb
c:\users\iss536\documents\teaching\2017-2018\computergraphics\assignment\assignment1\solution\raacomputergraphicsassignment1\debug\raacomputergraphicsassignment1.obj
c:\users\iss536\documents\teaching\2017-2018\computergraphics\assignment\assignment1\solution\raacomputergraphicsassignment1\debug\raacontrol.obj
c:\users\iss536\documents\teaching\2017-2018\computergraphics\assignment\assignment1\solution\raacomputergraphicsassignment1\debug\raadisplaylists.obj
c:\users\iss536\documents\teaching\2017-2018\computergraphics\assignment\assignment1\solution\raacomputergraphicsassignment1\debug\raalayouts.obj
c:\users\iss536\documents\teaching\2017-2018\computergraphics\assignment\assignment1\solution\raacomputergraphicsassignment1\debug\raamenus.obj
c:\users\iss536\documents\teaching\2017-2018\computergraphics\assignment\assignment1\solution\raacomputergraphicsassignment1\debug\raaparse.obj
c:\users\iss536\documents\teaching\2017-2018\computergraphics\assignment\assignment1\solution\raacomputergraphicsassignment1\debug\raaselection.obj
c:\users\iss536\documents\teaching\2017-2018\computergraphics\assignment\assignment1\solution\raacomputergraphicsassignment1\debug\raasimulation.obj
c:\users\iss536\documents\teaching\2017-2018\computergraphics\assignment\assignment1\solution\raacomputergraphicsassignment1\debug\raatraces.obj
c:\users\iss536\documents\teaching\2017-2018\computergraphics\assignment\assignment1\template\raacomputergraphicsassignment1\debug\vc140.pdb
c:\users\iss536\documents\teaching\2017-2018\computergraphics\assignment\assignment1\template\raacomputergraphicsassignment1\debug\vc140.idb
c:\users\iss536\documents\teaching\2017-2018\computergraphics\assignment\assignment1\template\raacomputergraphicsassignment1\debug\raacomputergraphicsassignment1.obj
c:\users\iss536\documents\teaching\2017-2018\computergraphics\assignment\assignment1\template\raacomputergraphicsassignment1\debug\raaconstants.obj
c:\users\iss536\documents\teaching\2017-2018\computergraphics\assignment\assignment1\template\raacomputergraphicsassignment1\debug\raacontrol.obj
c:\users\iss536\documents\teaching\2017-2018\computergraphics\assignment\assignment1\template\raacomputergraphicsassignment1\debug\raaparse.obj
c:\users\iss536\documents\teaching\2017-2018\computergraphics\assignment\assignment1\solution\raacomputergraphicsassignment1\debug\cg-2017assignmentd.ilk
c:\users\iss536\documents\teaching\2017-2018\computergraphics\assignment\assignment1\solution\raacomputergraphicsassignment1\debug\cg-2017assignmentd.exe
c:\users\iss536\documents\teaching\2017-2018\computergraphics\assignment\assignment1\solution\raacomputergraphicsassignment1\debug\cg-2017assignmentd.pdb
c:\users\iss536\documents\teaching\2017-2018\computergraphics\assignment\assignment1\template\raacomputergraphicsassignment1\debug\cg-2017assignmentd.ilk
c:\users\iss536\documents\teaching\2017-2018\computergraphics\assignment\assignment1\template\raacomputergraphicsassignment1\debug\cg-2017assignmentd.exe
c:\users\iss536\documents\teaching\2017-2018\computergraphics\assignment\assignment1\template\raacomputergraphicsassignment1\debug\cg-2017assignmentd.pdb
c:\users\stb098\documents\visual studio 2015\projects\template\raacomputergraphicsassignment1\debug\raacomputergraphicsassignment1.obj
c:\users\stb098\documents\visual studio 2015\projects\template\raacomputergraphicsassignment1\debug\raaconstants.obj
c:\users\stb098\documents\visual studio 2015\projects\template\raacomputergraphicsassignment1\debug\raacontrol.obj
c:\users\stb098\documents\visual studio 2015\projects\template\raacomputergraphicsassignment1\debug\raadisplaylists.obj
c:\users\stb098\documents\visual studio 2015\projects\template\raacomputergraphicsassignment1\debug\raalayouts.obj
c:\users\stb098\documents\visual studio 2015\projects\template\raacomputergraphicsassignment1\debug\raamenus.obj
c:\users\stb098\documents\visual studio 2015\projects\template\raacomputergraphicsassignment1\debug\raaparse.obj
c:\users\stb098\documents\visual studio 2015\projects\template\raacomputergraphicsassignment1\debug\raaselection.obj
c:\users\stb098\documents\visual studio 2015\projects\template\raacomputergraphicsassignment1\debug\raasimulation.obj
c:\users\stb098\documents\visual studio 2015\projects\template\raacomputergraphicsassignment1\debug\raatraces.obj
c:\users\stb098\documents\visual studio 2015\projects\template\raacomputergraphicsassignment1\debug\cg-2017assignmentd.ilk
c:\users\stb098\documents\visual studio 2015\projects\template\raacomputergraphicsassignment1\debug\vc140.idb
c:\users\stb098\documents\visual studio 2015\projects\template\raacomputergraphicsassignment1\debug\cg-2017assignmentd.pdb
c:\users\stb098\documents\visual studio 2015\projects\template\raacomputergraphicsassignment1\debug\vc140.pdb
c:\users\stb098\documents\visual studio 2015\projects\template\raacomputergraphicsassignment1\debug\cg-2017assignmentd.exe
c:\users\stb098\documents\visual studio 2015\projects\template\raacomputergraphicsassignment1\debug\raacompu.79685ec8.tlog\cl.command.1.tlog
c:\users\stb098\documents\visual studio 2015\projects\template\raacomputergraphicsassignment1\debug\raacompu.79685ec8.tlog\cl.read.1.tlog
c:\users\stb098\documents\visual studio 2015\projects\template\raacomputergraphicsassignment1\debug\raacompu.79685ec8.tlog\cl.write.1.tlog
c:\users\stb098\documents\visual studio 2015\projects\template\raacomputergraphicsassignment1\debug\raacompu.79685ec8.tlog\link.command.1.tlog
c:\users\stb098\documents\visual studio 2015\projects\template\raacomputergraphicsassignment1\debug\raacompu.79685ec8.tlog\link.read.1.tlog
c:\users\stb098\documents\visual studio 2015\projects\template\raacomputergraphicsassignment1\debug\raacompu.79685ec8.tlog\link.write.1.tlog
