c:\users\iss536\documents\teaching\2017-2018\computergraphics\assignment\assignment1\solution\raamaths\x64\release\raamathsr.pch
c:\users\iss536\documents\teaching\2017-2018\computergraphics\assignment\assignment1\solution\raamaths\x64\release\raamaths.pdb
c:\users\iss536\documents\teaching\2017-2018\computergraphics\assignment\assignment1\solution\raamaths\x64\release\stdafx.obj
c:\users\iss536\documents\teaching\2017-2018\computergraphics\assignment\assignment1\solution\raamaths\x64\release\raavector.obj
c:\users\iss536\documents\teaching\2017-2018\computergraphics\assignment\assignment1\solution\raamaths\x64\release\raamatrix.obj
c:\users\iss536\documents\teaching\2017-2018\computergraphics\assignment\assignment1\solution\raamaths\x64\release\raamaths.obj
c:\users\iss536\documents\teaching\2017-2018\computergraphics\assignment\assignment1\template\raamaths\x64\release\raamathsr.pch
c:\users\iss536\documents\teaching\2017-2018\computergraphics\assignment\assignment1\template\raamaths\x64\release\raamaths.pdb
c:\users\iss536\documents\teaching\2017-2018\computergraphics\assignment\assignment1\template\raamaths\x64\release\stdafx.obj
c:\users\iss536\documents\teaching\2017-2018\computergraphics\assignment\assignment1\template\raamaths\x64\release\raavector.obj
c:\users\iss536\documents\teaching\2017-2018\computergraphics\assignment\assignment1\template\raamaths\x64\release\raamatrix.obj
c:\users\iss536\documents\teaching\2017-2018\computergraphics\assignment\assignment1\template\raamaths\x64\release\raamaths.obj
c:\users\iss536\documents\teaching\2017-2018\computergraphics\assignment\assignment1\solution\x64\release\raamathsr.lib
c:\users\iss536\documents\teaching\2017-2018\computergraphics\assignment\assignment1\template\x64\release\raamathsr.lib
c:\users\iss536\documents\teaching\2017-2018\computergraphics\assignment\assignment1\template\raamaths\x64\release\raamaths.tlog\cl.command.1.tlog
c:\users\iss536\documents\teaching\2017-2018\computergraphics\assignment\assignment1\template\raamaths\x64\release\raamaths.tlog\cl.read.1.tlog
c:\users\iss536\documents\teaching\2017-2018\computergraphics\assignment\assignment1\template\raamaths\x64\release\raamaths.tlog\cl.write.1.tlog
c:\users\iss536\documents\teaching\2017-2018\computergraphics\assignment\assignment1\template\raamaths\x64\release\raamaths.tlog\lib-link.read.1.tlog
c:\users\iss536\documents\teaching\2017-2018\computergraphics\assignment\assignment1\template\raamaths\x64\release\raamaths.tlog\lib-link.write.1.tlog
c:\users\iss536\documents\teaching\2017-2018\computergraphics\assignment\assignment1\template\raamaths\x64\release\raamaths.tlog\lib.command.1.tlog
