c:\users\iss536\documents\teaching\2017-2018\computergraphics\assignment\assignment1\solution\raatext\x64\debug\raatextd.pch
c:\users\iss536\documents\teaching\2017-2018\computergraphics\assignment\assignment1\solution\raatext\x64\debug\raatext.pdb
c:\users\iss536\documents\teaching\2017-2018\computergraphics\assignment\assignment1\solution\raatext\x64\debug\raatext.idb
c:\users\iss536\documents\teaching\2017-2018\computergraphics\assignment\assignment1\solution\raatext\x64\debug\stdafx.obj
c:\users\iss536\documents\teaching\2017-2018\computergraphics\assignment\assignment1\solution\raatext\x64\debug\raatext.obj
c:\users\iss536\documents\teaching\2017-2018\computergraphics\assignment\assignment1\template\raatext\x64\debug\raatextd.pch
c:\users\iss536\documents\teaching\2017-2018\computergraphics\assignment\assignment1\template\raatext\x64\debug\raatext.pdb
c:\users\iss536\documents\teaching\2017-2018\computergraphics\assignment\assignment1\template\raatext\x64\debug\raatext.idb
c:\users\iss536\documents\teaching\2017-2018\computergraphics\assignment\assignment1\template\raatext\x64\debug\stdafx.obj
c:\users\iss536\documents\teaching\2017-2018\computergraphics\assignment\assignment1\template\raatext\x64\debug\raatext.obj
c:\users\iss536\documents\teaching\2017-2018\computergraphics\assignment\assignment1\solution\x64\debug\raatextd.lib
c:\users\iss536\documents\teaching\2017-2018\computergraphics\assignment\assignment1\template\x64\debug\raatextd.lib
c:\users\stb098\documents\visual studio 2015\projects\template\raatext\x64\debug\raatext.obj
c:\users\stb098\documents\visual studio 2015\projects\template\raatext\x64\debug\stdafx.obj
c:\users\stb098\documents\visual studio 2015\projects\template\raatext\x64\debug\raatextd.pch
c:\users\stb098\documents\visual studio 2015\projects\template\raatext\x64\debug\raatext.idb
c:\users\stb098\documents\visual studio 2015\projects\template\raatext\x64\debug\raatext.pdb
c:\users\stb098\documents\visual studio 2015\projects\template\x64\debug\raatextd.lib
c:\users\stb098\documents\visual studio 2015\projects\template\raatext\x64\debug\raatext.tlog\cl.command.1.tlog
c:\users\stb098\documents\visual studio 2015\projects\template\raatext\x64\debug\raatext.tlog\cl.read.1.tlog
c:\users\stb098\documents\visual studio 2015\projects\template\raatext\x64\debug\raatext.tlog\cl.write.1.tlog
c:\users\stb098\documents\visual studio 2015\projects\template\raatext\x64\debug\raatext.tlog\lib-link.read.1.tlog
c:\users\stb098\documents\visual studio 2015\projects\template\raatext\x64\debug\raatext.tlog\lib-link.write.1.tlog
c:\users\stb098\documents\visual studio 2015\projects\template\raatext\x64\debug\raatext.tlog\lib.command.1.tlog
