c:\users\iss536\documents\teaching\2017-2018\computergraphics\assignment\assignment1\solution\raamaths\x64\debug\raamathsd.pch
c:\users\iss536\documents\teaching\2017-2018\computergraphics\assignment\assignment1\solution\raamaths\x64\debug\raamaths.pdb
c:\users\iss536\documents\teaching\2017-2018\computergraphics\assignment\assignment1\solution\raamaths\x64\debug\raamaths.idb
c:\users\iss536\documents\teaching\2017-2018\computergraphics\assignment\assignment1\solution\raamaths\x64\debug\stdafx.obj
c:\users\iss536\documents\teaching\2017-2018\computergraphics\assignment\assignment1\solution\raamaths\x64\debug\raamaths.obj
c:\users\iss536\documents\teaching\2017-2018\computergraphics\assignment\assignment1\solution\raamaths\x64\debug\raamatrix.obj
c:\users\iss536\documents\teaching\2017-2018\computergraphics\assignment\assignment1\solution\raamaths\x64\debug\raavector.obj
c:\users\iss536\documents\teaching\2017-2018\computergraphics\assignment\assignment1\template\raamaths\x64\debug\raamathsd.pch
c:\users\iss536\documents\teaching\2017-2018\computergraphics\assignment\assignment1\template\raamaths\x64\debug\raamaths.pdb
c:\users\iss536\documents\teaching\2017-2018\computergraphics\assignment\assignment1\template\raamaths\x64\debug\raamaths.idb
c:\users\iss536\documents\teaching\2017-2018\computergraphics\assignment\assignment1\template\raamaths\x64\debug\stdafx.obj
c:\users\iss536\documents\teaching\2017-2018\computergraphics\assignment\assignment1\template\raamaths\x64\debug\raamaths.obj
c:\users\iss536\documents\teaching\2017-2018\computergraphics\assignment\assignment1\template\raamaths\x64\debug\raamatrix.obj
c:\users\iss536\documents\teaching\2017-2018\computergraphics\assignment\assignment1\template\raamaths\x64\debug\raavector.obj
c:\users\iss536\documents\teaching\2017-2018\computergraphics\assignment\assignment1\solution\x64\debug\raamathsd.lib
c:\users\iss536\documents\teaching\2017-2018\computergraphics\assignment\assignment1\template\x64\debug\raamathsd.lib
c:\users\stb098\documents\visual studio 2015\projects\template\raamaths\x64\debug\raamaths.obj
c:\users\stb098\documents\visual studio 2015\projects\template\raamaths\x64\debug\raamatrix.obj
c:\users\stb098\documents\visual studio 2015\projects\template\raamaths\x64\debug\raavector.obj
c:\users\stb098\documents\visual studio 2015\projects\template\raamaths\x64\debug\stdafx.obj
c:\users\stb098\documents\visual studio 2015\projects\template\raamaths\x64\debug\raamathsd.pch
c:\users\stb098\documents\visual studio 2015\projects\template\raamaths\x64\debug\raamaths.idb
c:\users\stb098\documents\visual studio 2015\projects\template\raamaths\x64\debug\raamaths.pdb
c:\users\stb098\documents\visual studio 2015\projects\template\x64\debug\raamathsd.lib
c:\users\stb098\documents\visual studio 2015\projects\template\raamaths\x64\debug\raamaths.tlog\cl.command.1.tlog
c:\users\stb098\documents\visual studio 2015\projects\template\raamaths\x64\debug\raamaths.tlog\cl.read.1.tlog
c:\users\stb098\documents\visual studio 2015\projects\template\raamaths\x64\debug\raamaths.tlog\cl.write.1.tlog
c:\users\stb098\documents\visual studio 2015\projects\template\raamaths\x64\debug\raamaths.tlog\lib-link.read.1.tlog
c:\users\stb098\documents\visual studio 2015\projects\template\raamaths\x64\debug\raamaths.tlog\lib-link.write.1.tlog
c:\users\stb098\documents\visual studio 2015\projects\template\raamaths\x64\debug\raamaths.tlog\lib.command.1.tlog
