c:\users\iss536\documents\teaching\2017-2018\computergraphics\assignment\assignment1\solution\raacomputergraphicsassignment1\release\vc140.pdb
c:\users\iss536\documents\teaching\2017-2018\computergraphics\assignment\assignment1\solution\raacomputergraphicsassignment1\release\raatraces.obj
c:\users\iss536\documents\teaching\2017-2018\computergraphics\assignment\assignment1\solution\raacomputergraphicsassignment1\release\raasimulation.obj
c:\users\iss536\documents\teaching\2017-2018\computergraphics\assignment\assignment1\solution\raacomputergraphicsassignment1\release\raaselection.obj
c:\users\iss536\documents\teaching\2017-2018\computergraphics\assignment\assignment1\solution\raacomputergraphicsassignment1\release\raaparse.obj
c:\users\iss536\documents\teaching\2017-2018\computergraphics\assignment\assignment1\solution\raacomputergraphicsassignment1\release\raamenus.obj
c:\users\iss536\documents\teaching\2017-2018\computergraphics\assignment\assignment1\solution\raacomputergraphicsassignment1\release\raalayouts.obj
c:\users\iss536\documents\teaching\2017-2018\computergraphics\assignment\assignment1\solution\raacomputergraphicsassignment1\release\raadisplaylists.obj
c:\users\iss536\documents\teaching\2017-2018\computergraphics\assignment\assignment1\solution\raacomputergraphicsassignment1\release\raacontrol.obj
c:\users\iss536\documents\teaching\2017-2018\computergraphics\assignment\assignment1\solution\raacomputergraphicsassignment1\release\raacomputergraphicsassignment1.obj
c:\users\iss536\documents\teaching\2017-2018\computergraphics\assignment\assignment1\solution\raacomputergraphicsassignment1\release\raaconstants.obj
c:\users\iss536\documents\teaching\2017-2018\computergraphics\assignment\assignment1\template\raacomputergraphicsassignment1\release\vc140.pdb
c:\users\iss536\documents\teaching\2017-2018\computergraphics\assignment\assignment1\template\raacomputergraphicsassignment1\release\raaparse.obj
c:\users\iss536\documents\teaching\2017-2018\computergraphics\assignment\assignment1\template\raacomputergraphicsassignment1\release\raacontrol.obj
c:\users\iss536\documents\teaching\2017-2018\computergraphics\assignment\assignment1\template\raacomputergraphicsassignment1\release\raaconstants.obj
c:\users\iss536\documents\teaching\2017-2018\computergraphics\assignment\assignment1\template\raacomputergraphicsassignment1\release\raacomputergraphicsassignment1.obj
c:\users\iss536\documents\teaching\2017-2018\computergraphics\assignment\assignment1\solution\raacomputergraphicsassignment1\release\cg-2017assignmentr.exe
c:\users\iss536\documents\teaching\2017-2018\computergraphics\assignment\assignment1\solution\raacomputergraphicsassignment1\release\cg-2017assignmentr.ipdb
c:\users\iss536\documents\teaching\2017-2018\computergraphics\assignment\assignment1\solution\raacomputergraphicsassignment1\release\cg-2017assignmentr.iobj
c:\users\iss536\documents\teaching\2017-2018\computergraphics\assignment\assignment1\solution\raacomputergraphicsassignment1\release\cg-2017assignmentr.pdb
c:\users\iss536\documents\teaching\2017-2018\computergraphics\assignment\assignment1\template\raacomputergraphicsassignment1\release\raadisplaylists.obj
c:\users\iss536\documents\teaching\2017-2018\computergraphics\assignment\assignment1\template\raacomputergraphicsassignment1\release\raalayouts.obj
c:\users\iss536\documents\teaching\2017-2018\computergraphics\assignment\assignment1\template\raacomputergraphicsassignment1\release\raamenus.obj
c:\users\iss536\documents\teaching\2017-2018\computergraphics\assignment\assignment1\template\raacomputergraphicsassignment1\release\raaselection.obj
c:\users\iss536\documents\teaching\2017-2018\computergraphics\assignment\assignment1\template\raacomputergraphicsassignment1\release\raasimulation.obj
c:\users\iss536\documents\teaching\2017-2018\computergraphics\assignment\assignment1\template\raacomputergraphicsassignment1\release\raatraces.obj
c:\users\iss536\documents\teaching\2017-2018\computergraphics\assignment\assignment1\template\raacomputergraphicsassignment1\release\cg-2017assignmentr.ipdb
c:\users\iss536\documents\teaching\2017-2018\computergraphics\assignment\assignment1\template\raacomputergraphicsassignment1\release\cg-2017assignmentr.iobj
c:\users\iss536\documents\teaching\2017-2018\computergraphics\assignment\assignment1\template\raacomputergraphicsassignment1\release\cg-2017assignmentr.pdb
c:\users\iss536\documents\teaching\2017-2018\computergraphics\assignment\assignment1\template\raacomputergraphicsassignment1\release\raacompu.79685ec8.tlog\cl.command.1.tlog
c:\users\iss536\documents\teaching\2017-2018\computergraphics\assignment\assignment1\template\raacomputergraphicsassignment1\release\raacompu.79685ec8.tlog\cl.read.1.tlog
c:\users\iss536\documents\teaching\2017-2018\computergraphics\assignment\assignment1\template\raacomputergraphicsassignment1\release\raacompu.79685ec8.tlog\cl.write.1.tlog
c:\users\iss536\documents\teaching\2017-2018\computergraphics\assignment\assignment1\template\raacomputergraphicsassignment1\release\raacompu.79685ec8.tlog\link.command.1.tlog
c:\users\iss536\documents\teaching\2017-2018\computergraphics\assignment\assignment1\template\raacomputergraphicsassignment1\release\raacompu.79685ec8.tlog\link.read.1.tlog
c:\users\iss536\documents\teaching\2017-2018\computergraphics\assignment\assignment1\template\raacomputergraphicsassignment1\release\raacompu.79685ec8.tlog\link.write.1.tlog
