c:\users\iss536\documents\teaching\2017-2018\computergraphics\assignment\assignment1\solution\raalinkedlist\x64\debug\raalinkedlistd.pch
c:\users\iss536\documents\teaching\2017-2018\computergraphics\assignment\assignment1\solution\raalinkedlist\x64\debug\raalinkedlist.pdb
c:\users\iss536\documents\teaching\2017-2018\computergraphics\assignment\assignment1\solution\raalinkedlist\x64\debug\raalinkedlist.idb
c:\users\iss536\documents\teaching\2017-2018\computergraphics\assignment\assignment1\solution\raalinkedlist\x64\debug\stdafx.obj
c:\users\iss536\documents\teaching\2017-2018\computergraphics\assignment\assignment1\solution\raalinkedlist\x64\debug\raalinkedlist.obj
c:\users\iss536\documents\teaching\2017-2018\computergraphics\assignment\assignment1\template\raalinkedlist\x64\debug\raalinkedlistd.pch
c:\users\iss536\documents\teaching\2017-2018\computergraphics\assignment\assignment1\template\raalinkedlist\x64\debug\raalinkedlist.pdb
c:\users\iss536\documents\teaching\2017-2018\computergraphics\assignment\assignment1\template\raalinkedlist\x64\debug\raalinkedlist.idb
c:\users\iss536\documents\teaching\2017-2018\computergraphics\assignment\assignment1\template\raalinkedlist\x64\debug\stdafx.obj
c:\users\iss536\documents\teaching\2017-2018\computergraphics\assignment\assignment1\template\raalinkedlist\x64\debug\raalinkedlist.obj
c:\users\iss536\documents\teaching\2017-2018\computergraphics\assignment\assignment1\solution\x64\debug\raalinkedlistd.lib
c:\users\iss536\documents\teaching\2017-2018\computergraphics\assignment\assignment1\template\x64\debug\raalinkedlistd.lib
c:\users\stb098\documents\visual studio 2015\projects\template\raalinkedlist\x64\debug\raalinkedlist.obj
c:\users\stb098\documents\visual studio 2015\projects\template\raalinkedlist\x64\debug\stdafx.obj
c:\users\stb098\documents\visual studio 2015\projects\template\raalinkedlist\x64\debug\raalinkedlistd.pch
c:\users\stb098\documents\visual studio 2015\projects\template\raalinkedlist\x64\debug\raalinkedlist.idb
c:\users\stb098\documents\visual studio 2015\projects\template\raalinkedlist\x64\debug\raalinkedlist.pdb
c:\users\stb098\documents\visual studio 2015\projects\template\x64\debug\raalinkedlistd.lib
c:\users\stb098\documents\visual studio 2015\projects\template\raalinkedlist\x64\debug\raalinkedlist.tlog\cl.command.1.tlog
c:\users\stb098\documents\visual studio 2015\projects\template\raalinkedlist\x64\debug\raalinkedlist.tlog\cl.read.1.tlog
c:\users\stb098\documents\visual studio 2015\projects\template\raalinkedlist\x64\debug\raalinkedlist.tlog\cl.write.1.tlog
c:\users\stb098\documents\visual studio 2015\projects\template\raalinkedlist\x64\debug\raalinkedlist.tlog\lib-link.read.1.tlog
c:\users\stb098\documents\visual studio 2015\projects\template\raalinkedlist\x64\debug\raalinkedlist.tlog\lib-link.write.1.tlog
c:\users\stb098\documents\visual studio 2015\projects\template\raalinkedlist\x64\debug\raalinkedlist.tlog\lib.command.1.tlog
